Current local time and date: Fri Jan 10 12:08:36 2014
[  INFO   ]  Logging level set to INFO
[  NORMAL ]  Importing materials data from HDF5...
[  INFO   ]  Importing material microregion-1
[  INFO   ]  Importing material microregion-10
[  INFO   ]  Importing material microregion-100
[  INFO   ]  Importing material microregion-101
[  INFO   ]  Importing material microregion-102
[  INFO   ]  Importing material microregion-103
[  INFO   ]  Importing material microregion-104
[  INFO   ]  Importing material microregion-105
[  INFO   ]  Importing material microregion-106
[  INFO   ]  Importing material microregion-107
[  INFO   ]  Importing material microregion-108
[  INFO   ]  Importing material microregion-109
[  INFO   ]  Importing material microregion-11
[  INFO   ]  Importing material microregion-110
[  INFO   ]  Importing material microregion-111
[  INFO   ]  Importing material microregion-112
[  INFO   ]  Importing material microregion-113
[  INFO   ]  Importing material microregion-114
[  INFO   ]  Importing material microregion-115
[  INFO   ]  Importing material microregion-116
[  INFO   ]  Importing material microregion-117
[  INFO   ]  Importing material microregion-118
[  INFO   ]  Importing material microregion-119
[  INFO   ]  Importing material microregion-12
[  INFO   ]  Importing material microregion-120
[  INFO   ]  Importing material microregion-121
[  INFO   ]  Importing material microregion-122
[  INFO   ]  Importing material microregion-123
[  INFO   ]  Importing material microregion-124
[  INFO   ]  Importing material microregion-125
[  INFO   ]  Importing material microregion-126
[  INFO   ]  Importing material microregion-127
[  INFO   ]  Importing material microregion-128
[  INFO   ]  Importing material microregion-129
[  INFO   ]  Importing material microregion-13
[  INFO   ]  Importing material microregion-130
[  INFO   ]  Importing material microregion-131
[  INFO   ]  Importing material microregion-132
[  INFO   ]  Importing material microregion-133
[  INFO   ]  Importing material microregion-134
[  INFO   ]  Importing material microregion-135
[  INFO   ]  Importing material microregion-136
[  INFO   ]  Importing material microregion-137
[  INFO   ]  Importing material microregion-138
[  INFO   ]  Importing material microregion-139
[  INFO   ]  Importing material microregion-14
[  INFO   ]  Importing material microregion-140
[  INFO   ]  Importing material microregion-141
[  INFO   ]  Importing material microregion-142
[  INFO   ]  Importing material microregion-143
[  INFO   ]  Importing material microregion-144
[  INFO   ]  Importing material microregion-145
[  INFO   ]  Importing material microregion-146
[  INFO   ]  Importing material microregion-147
[  INFO   ]  Importing material microregion-148
[  INFO   ]  Importing material microregion-149
[  INFO   ]  Importing material microregion-15
[  INFO   ]  Importing material microregion-150
[  INFO   ]  Importing material microregion-151
[  INFO   ]  Importing material microregion-152
[  INFO   ]  Importing material microregion-153
[  INFO   ]  Importing material microregion-154
[  INFO   ]  Importing material microregion-155
[  INFO   ]  Importing material microregion-156
[  INFO   ]  Importing material microregion-157
[  INFO   ]  Importing material microregion-158
[  INFO   ]  Importing material microregion-159
[  INFO   ]  Importing material microregion-16
[  INFO   ]  Importing material microregion-160
[  INFO   ]  Importing material microregion-161
[  INFO   ]  Importing material microregion-162
[  INFO   ]  Importing material microregion-163
[  INFO   ]  Importing material microregion-164
[  INFO   ]  Importing material microregion-165
[  INFO   ]  Importing material microregion-166
[  INFO   ]  Importing material microregion-167
[  INFO   ]  Importing material microregion-168
[  INFO   ]  Importing material microregion-169
[  INFO   ]  Importing material microregion-17
[  INFO   ]  Importing material microregion-170
[  INFO   ]  Importing material microregion-171
[  INFO   ]  Importing material microregion-172
[  INFO   ]  Importing material microregion-173
[  INFO   ]  Importing material microregion-174
[  INFO   ]  Importing material microregion-175
[  INFO   ]  Importing material microregion-176
[  INFO   ]  Importing material microregion-177
[  INFO   ]  Importing material microregion-178
[  INFO   ]  Importing material microregion-179
[  INFO   ]  Importing material microregion-18
[  INFO   ]  Importing material microregion-180
[  INFO   ]  Importing material microregion-181
[  INFO   ]  Importing material microregion-182
[  INFO   ]  Importing material microregion-183
[  INFO   ]  Importing material microregion-184
[  INFO   ]  Importing material microregion-185
[  INFO   ]  Importing material microregion-186
[  INFO   ]  Importing material microregion-187
[  INFO   ]  Importing material microregion-188
[  INFO   ]  Importing material microregion-189
[  INFO   ]  Importing material microregion-19
[  INFO   ]  Importing material microregion-190
[  INFO   ]  Importing material microregion-191
[  INFO   ]  Importing material microregion-192
[  INFO   ]  Importing material microregion-193
[  INFO   ]  Importing material microregion-194
[  INFO   ]  Importing material microregion-195
[  INFO   ]  Importing material microregion-196
[  INFO   ]  Importing material microregion-197
[  INFO   ]  Importing material microregion-198
[  INFO   ]  Importing material microregion-199
[  INFO   ]  Importing material microregion-2
[  INFO   ]  Importing material microregion-20
[  INFO   ]  Importing material microregion-200
[  INFO   ]  Importing material microregion-201
[  INFO   ]  Importing material microregion-202
[  INFO   ]  Importing material microregion-203
[  INFO   ]  Importing material microregion-204
[  INFO   ]  Importing material microregion-205
[  INFO   ]  Importing material microregion-206
[  INFO   ]  Importing material microregion-207
[  INFO   ]  Importing material microregion-208
[  INFO   ]  Importing material microregion-209
[  INFO   ]  Importing material microregion-21
[  INFO   ]  Importing material microregion-210
[  INFO   ]  Importing material microregion-211
[  INFO   ]  Importing material microregion-212
[  INFO   ]  Importing material microregion-213
[  INFO   ]  Importing material microregion-214
[  INFO   ]  Importing material microregion-215
[  INFO   ]  Importing material microregion-216
[  INFO   ]  Importing material microregion-217
[  INFO   ]  Importing material microregion-218
[  INFO   ]  Importing material microregion-219
[  INFO   ]  Importing material microregion-22
[  INFO   ]  Importing material microregion-220
[  INFO   ]  Importing material microregion-221
[  INFO   ]  Importing material microregion-222
[  INFO   ]  Importing material microregion-223
[  INFO   ]  Importing material microregion-224
[  INFO   ]  Importing material microregion-225
[  INFO   ]  Importing material microregion-226
[  INFO   ]  Importing material microregion-227
[  INFO   ]  Importing material microregion-228
[  INFO   ]  Importing material microregion-229
[  INFO   ]  Importing material microregion-23
[  INFO   ]  Importing material microregion-230
[  INFO   ]  Importing material microregion-231
[  INFO   ]  Importing material microregion-232
[  INFO   ]  Importing material microregion-233
[  INFO   ]  Importing material microregion-234
[  INFO   ]  Importing material microregion-235
[  INFO   ]  Importing material microregion-236
[  INFO   ]  Importing material microregion-237
[  INFO   ]  Importing material microregion-238
[  INFO   ]  Importing material microregion-239
[  INFO   ]  Importing material microregion-24
[  INFO   ]  Importing material microregion-240
[  INFO   ]  Importing material microregion-241
[  INFO   ]  Importing material microregion-242
[  INFO   ]  Importing material microregion-243
[  INFO   ]  Importing material microregion-244
[  INFO   ]  Importing material microregion-245
[  INFO   ]  Importing material microregion-246
[  INFO   ]  Importing material microregion-247
[  INFO   ]  Importing material microregion-248
[  INFO   ]  Importing material microregion-249
[  INFO   ]  Importing material microregion-25
[  INFO   ]  Importing material microregion-250
[  INFO   ]  Importing material microregion-251
[  INFO   ]  Importing material microregion-252
[  INFO   ]  Importing material microregion-253
[  INFO   ]  Importing material microregion-254
[  INFO   ]  Importing material microregion-255
[  INFO   ]  Importing material microregion-256
[  INFO   ]  Importing material microregion-257
[  INFO   ]  Importing material microregion-258
[  INFO   ]  Importing material microregion-259
[  INFO   ]  Importing material microregion-26
[  INFO   ]  Importing material microregion-260
[  INFO   ]  Importing material microregion-261
[  INFO   ]  Importing material microregion-262
[  INFO   ]  Importing material microregion-263
[  INFO   ]  Importing material microregion-264
[  INFO   ]  Importing material microregion-27
[  INFO   ]  Importing material microregion-28
[  INFO   ]  Importing material microregion-29
[  INFO   ]  Importing material microregion-3
[  INFO   ]  Importing material microregion-30
[  INFO   ]  Importing material microregion-31
[  INFO   ]  Importing material microregion-32
[  INFO   ]  Importing material microregion-33
[  INFO   ]  Importing material microregion-34
[  INFO   ]  Importing material microregion-35
[  INFO   ]  Importing material microregion-36
[  INFO   ]  Importing material microregion-37
[  INFO   ]  Importing material microregion-38
[  INFO   ]  Importing material microregion-39
[  INFO   ]  Importing material microregion-4
[  INFO   ]  Importing material microregion-40
[  INFO   ]  Importing material microregion-41
[  INFO   ]  Importing material microregion-42
[  INFO   ]  Importing material microregion-43
[  INFO   ]  Importing material microregion-44
[  INFO   ]  Importing material microregion-45
[  INFO   ]  Importing material microregion-46
[  INFO   ]  Importing material microregion-47
[  INFO   ]  Importing material microregion-48
[  INFO   ]  Importing material microregion-49
[  INFO   ]  Importing material microregion-5
[  INFO   ]  Importing material microregion-50
[  INFO   ]  Importing material microregion-51
[  INFO   ]  Importing material microregion-52
[  INFO   ]  Importing material microregion-53
[  INFO   ]  Importing material microregion-54
[  INFO   ]  Importing material microregion-55
[  INFO   ]  Importing material microregion-56
[  INFO   ]  Importing material microregion-57
[  INFO   ]  Importing material microregion-58
[  INFO   ]  Importing material microregion-59
[  INFO   ]  Importing material microregion-6
[  INFO   ]  Importing material microregion-60
[  INFO   ]  Importing material microregion-61
[  INFO   ]  Importing material microregion-62
[  INFO   ]  Importing material microregion-63
[  INFO   ]  Importing material microregion-64
[  INFO   ]  Importing material microregion-65
[  INFO   ]  Importing material microregion-66
[  INFO   ]  Importing material microregion-67
[  INFO   ]  Importing material microregion-68
[  INFO   ]  Importing material microregion-69
[  INFO   ]  Importing material microregion-7
[  INFO   ]  Importing material microregion-70
[  INFO   ]  Importing material microregion-71
[  INFO   ]  Importing material microregion-72
[  INFO   ]  Importing material microregion-73
[  INFO   ]  Importing material microregion-74
[  INFO   ]  Importing material microregion-75
[  INFO   ]  Importing material microregion-76
[  INFO   ]  Importing material microregion-77
[  INFO   ]  Importing material microregion-78
[  INFO   ]  Importing material microregion-79
[  INFO   ]  Importing material microregion-8
[  INFO   ]  Importing material microregion-80
[  INFO   ]  Importing material microregion-81
[  INFO   ]  Importing material microregion-82
[  INFO   ]  Importing material microregion-83
[  INFO   ]  Importing material microregion-84
[  INFO   ]  Importing material microregion-85
[  INFO   ]  Importing material microregion-86
[  INFO   ]  Importing material microregion-87
[  INFO   ]  Importing material microregion-88
[  INFO   ]  Importing material microregion-89
[  INFO   ]  Importing material microregion-9
[  INFO   ]  Importing material microregion-90
[  INFO   ]  Importing material microregion-91
[  INFO   ]  Importing material microregion-92
[  INFO   ]  Importing material microregion-93
[  INFO   ]  Importing material microregion-94
[  INFO   ]  Importing material microregion-95
[  INFO   ]  Importing material microregion-96
[  INFO   ]  Importing material microregion-97
[  INFO   ]  Importing material microregion-98
[  INFO   ]  Importing material microregion-99
[  NORMAL ]  Creating Surfaces...
[  NORMAL ]  Creating simple 4x4 lattice...
[  NORMAL ]  Creating geometry...
[  INFO   ]  Added material with id = 10264 to geometry
[  INFO   ]  Added material with id = 10109 to geometry
[  INFO   ]  Added material with id = 10110 to geometry
[  INFO   ]  Added material with id = 10107 to geometry
[  INFO   ]  Added material with id = 10108 to geometry
[  INFO   ]  Added material with id = 10105 to geometry
[  INFO   ]  Added material with id = 10106 to geometry
[  INFO   ]  Added material with id = 10103 to geometry
[  INFO   ]  Added material with id = 10104 to geometry
[  INFO   ]  Added material with id = 10101 to geometry
[  INFO   ]  Added material with id = 10102 to geometry
[  INFO   ]  Added material with id = 10143 to geometry
[  INFO   ]  Added material with id = 10144 to geometry
[  INFO   ]  Added material with id = 10242 to geometry
[  INFO   ]  Added material with id = 10253 to geometry
[  INFO   ]  Added material with id = 10111 to geometry
[  INFO   ]  Added material with id = 10136 to geometry
[  INFO   ]  Added material with id = 10137 to geometry
[  INFO   ]  Added material with id = 10000 to geometry
[  INFO   ]  Added material with id = 10139 to geometry
[  INFO   ]  Added material with id = 10140 to geometry
[  INFO   ]  Added material with id = 10141 to geometry
[  INFO   ]  Added material with id = 10142 to geometry
[  INFO   ]  Added material with id = 10019 to geometry
[  INFO   ]  Added material with id = 10020 to geometry
[  INFO   ]  Added material with id = 10017 to geometry
[  INFO   ]  Added material with id = 10018 to geometry
[  INFO   ]  Added material with id = 10015 to geometry
[  INFO   ]  Added material with id = 10016 to geometry
[  INFO   ]  Added material with id = 10013 to geometry
[  INFO   ]  Added material with id = 10014 to geometry
[  INFO   ]  Added material with id = 10233 to geometry
[  INFO   ]  Added material with id = 10262 to geometry
[  INFO   ]  Added material with id = 10263 to geometry
[  INFO   ]  Added material with id = 10021 to geometry
[  INFO   ]  Added material with id = 10022 to geometry
[  INFO   ]  Added material with id = 10240 to geometry
[  INFO   ]  Added material with id = 10241 to geometry
[  INFO   ]  Added material with id = 10238 to geometry
[  INFO   ]  Added material with id = 10239 to geometry
[  INFO   ]  Added material with id = 10236 to geometry
[  INFO   ]  Added material with id = 10237 to geometry
[  INFO   ]  Added material with id = 10234 to geometry
[  INFO   ]  Added material with id = 10235 to geometry
[  INFO   ]  Added material with id = 10232 to geometry
[  INFO   ]  Added material with id = 10168 to geometry
[  INFO   ]  Added material with id = 10129 to geometry
[  INFO   ]  Added material with id = 10128 to geometry
[  INFO   ]  Added material with id = 10131 to geometry
[  INFO   ]  Added material with id = 10130 to geometry
[  INFO   ]  Added material with id = 10125 to geometry
[  INFO   ]  Added material with id = 10124 to geometry
[  INFO   ]  Added material with id = 10127 to geometry
[  INFO   ]  Added material with id = 10126 to geometry
[  INFO   ]  Added material with id = 10133 to geometry
[  INFO   ]  Added material with id = 10132 to geometry
[  INFO   ]  Added material with id = 10071 to geometry
[  INFO   ]  Added material with id = 10070 to geometry
[  INFO   ]  Added material with id = 10069 to geometry
[  INFO   ]  Added material with id = 10068 to geometry
[  INFO   ]  Added material with id = 10075 to geometry
[  INFO   ]  Added material with id = 10074 to geometry
[  INFO   ]  Added material with id = 10073 to geometry
[  INFO   ]  Added material with id = 10072 to geometry
[  INFO   ]  Added material with id = 10077 to geometry
[  INFO   ]  Added material with id = 10076 to geometry
[  INFO   ]  Added material with id = 10201 to geometry
[  INFO   ]  Added material with id = 10148 to geometry
[  INFO   ]  Added material with id = 10230 to geometry
[  INFO   ]  Added material with id = 10229 to geometry
[  INFO   ]  Added material with id = 10226 to geometry
[  INFO   ]  Added material with id = 10225 to geometry
[  INFO   ]  Added material with id = 10228 to geometry
[  INFO   ]  Added material with id = 10227 to geometry
[  INFO   ]  Added material with id = 10222 to geometry
[  INFO   ]  Added material with id = 10221 to geometry
[  INFO   ]  Added material with id = 10224 to geometry
[  INFO   ]  Added material with id = 10223 to geometry
[  INFO   ]  Added material with id = 10115 to geometry
[  INFO   ]  Added material with id = 10116 to geometry
[  INFO   ]  Added material with id = 10113 to geometry
[  INFO   ]  Added material with id = 10114 to geometry
[  INFO   ]  Added material with id = 10119 to geometry
[  INFO   ]  Added material with id = 10120 to geometry
[  INFO   ]  Added material with id = 10117 to geometry
[  INFO   ]  Added material with id = 10118 to geometry
[  INFO   ]  Added material with id = 10121 to geometry
[  INFO   ]  Added material with id = 10122 to geometry
[  INFO   ]  Added material with id = 10244 to geometry
[  INFO   ]  Added material with id = 10079 to geometry
[  INFO   ]  Added material with id = 10080 to geometry
[  INFO   ]  Added material with id = 10081 to geometry
[  INFO   ]  Added material with id = 10082 to geometry
[  INFO   ]  Added material with id = 10083 to geometry
[  INFO   ]  Added material with id = 10084 to geometry
[  INFO   ]  Added material with id = 10085 to geometry
[  INFO   ]  Added material with id = 10086 to geometry
[  INFO   ]  Added material with id = 10087 to geometry
[  INFO   ]  Added material with id = 10088 to geometry
[  INFO   ]  Added material with id = 10249 to geometry
[  INFO   ]  Added material with id = 10175 to geometry
[  INFO   ]  Added material with id = 10174 to geometry
[  INFO   ]  Added material with id = 10218 to geometry
[  INFO   ]  Added material with id = 10177 to geometry
[  INFO   ]  Added material with id = 10176 to geometry
[  INFO   ]  Added material with id = 10210 to geometry
[  INFO   ]  Added material with id = 10211 to geometry
[  INFO   ]  Added material with id = 10212 to geometry
[  INFO   ]  Added material with id = 10213 to geometry
[  INFO   ]  Added material with id = 10214 to geometry
[  INFO   ]  Added material with id = 10215 to geometry
[  INFO   ]  Added material with id = 10216 to geometry
[  INFO   ]  Added material with id = 10217 to geometry
[  INFO   ]  Added material with id = 10251 to geometry
[  INFO   ]  Added material with id = 10055 to geometry
[  INFO   ]  Added material with id = 10054 to geometry
[  INFO   ]  Added material with id = 10219 to geometry
[  INFO   ]  Added material with id = 10051 to geometry
[  INFO   ]  Added material with id = 10050 to geometry
[  INFO   ]  Added material with id = 10053 to geometry
[  INFO   ]  Added material with id = 10052 to geometry
[  INFO   ]  Added material with id = 10047 to geometry
[  INFO   ]  Added material with id = 10046 to geometry
[  INFO   ]  Added material with id = 10049 to geometry
[  INFO   ]  Added material with id = 10048 to geometry
[  INFO   ]  Added material with id = 10135 to geometry
[  INFO   ]  Added material with id = 10187 to geometry
[  INFO   ]  Added material with id = 10247 to geometry
[  INFO   ]  Added material with id = 10138 to geometry
[  INFO   ]  Added material with id = 10220 to geometry
[  INFO   ]  Added material with id = 10231 to geometry
[  INFO   ]  Added material with id = 10206 to geometry
[  INFO   ]  Added material with id = 10205 to geometry
[  INFO   ]  Added material with id = 10204 to geometry
[  INFO   ]  Added material with id = 10203 to geometry
[  INFO   ]  Added material with id = 10202 to geometry
[  INFO   ]  Added material with id = 10198 to geometry
[  INFO   ]  Added material with id = 10200 to geometry
[  INFO   ]  Added material with id = 10199 to geometry
[  INFO   ]  Added material with id = 10209 to geometry
[  INFO   ]  Added material with id = 10208 to geometry
[  INFO   ]  Added material with id = 10207 to geometry
[  INFO   ]  Added material with id = 10258 to geometry
[  INFO   ]  Added material with id = 10065 to geometry
[  INFO   ]  Added material with id = 10066 to geometry
[  INFO   ]  Added material with id = 10259 to geometry
[  INFO   ]  Added material with id = 10059 to geometry
[  INFO   ]  Added material with id = 10060 to geometry
[  INFO   ]  Added material with id = 10057 to geometry
[  INFO   ]  Added material with id = 10058 to geometry
[  INFO   ]  Added material with id = 10063 to geometry
[  INFO   ]  Added material with id = 10064 to geometry
[  INFO   ]  Added material with id = 10061 to geometry
[  INFO   ]  Added material with id = 10062 to geometry
[  INFO   ]  Added material with id = 10183 to geometry
[  INFO   ]  Added material with id = 10261 to geometry
[  INFO   ]  Added material with id = 10179 to geometry
[  INFO   ]  Added material with id = 10180 to geometry
[  INFO   ]  Added material with id = 10181 to geometry
[  INFO   ]  Added material with id = 10182 to geometry
[  INFO   ]  Added material with id = 10254 to geometry
[  INFO   ]  Added material with id = 10255 to geometry
[  INFO   ]  Added material with id = 10256 to geometry
[  INFO   ]  Added material with id = 10246 to geometry
[  INFO   ]  Added material with id = 10257 to geometry
[  INFO   ]  Added material with id = 10155 to geometry
[  INFO   ]  Added material with id = 10190 to geometry
[  INFO   ]  Added material with id = 10191 to geometry
[  INFO   ]  Added material with id = 10188 to geometry
[  INFO   ]  Added material with id = 10154 to geometry
[  INFO   ]  Added material with id = 10194 to geometry
[  INFO   ]  Added material with id = 10195 to geometry
[  INFO   ]  Added material with id = 10192 to geometry
[  INFO   ]  Added material with id = 10193 to geometry
[  INFO   ]  Added material with id = 10196 to geometry
[  INFO   ]  Added material with id = 10197 to geometry
[  INFO   ]  Added material with id = 10245 to geometry
[  INFO   ]  Added material with id = 10169 to geometry
[  INFO   ]  Added material with id = 10149 to geometry
[  INFO   ]  Added material with id = 10171 to geometry
[  INFO   ]  Added material with id = 10170 to geometry
[  INFO   ]  Added material with id = 10173 to geometry
[  INFO   ]  Added material with id = 10172 to geometry
[  INFO   ]  Added material with id = 10033 to geometry
[  INFO   ]  Added material with id = 10032 to geometry
[  INFO   ]  Added material with id = 10031 to geometry
[  INFO   ]  Added material with id = 10030 to geometry
[  INFO   ]  Added material with id = 10029 to geometry
[  INFO   ]  Added material with id = 10028 to geometry
[  INFO   ]  Added material with id = 10027 to geometry
[  INFO   ]  Added material with id = 10026 to geometry
[  INFO   ]  Added material with id = 10025 to geometry
[  INFO   ]  Added material with id = 10024 to geometry
[  INFO   ]  Added material with id = 10260 to geometry
[  INFO   ]  Added material with id = 10248 to geometry
[  INFO   ]  Added material with id = 10123 to geometry
[  INFO   ]  Added material with id = 10112 to geometry
[  INFO   ]  Added material with id = 10145 to geometry
[  INFO   ]  Added material with id = 10134 to geometry
[  INFO   ]  Added material with id = 10167 to geometry
[  INFO   ]  Added material with id = 10156 to geometry
[  INFO   ]  Added material with id = 10184 to geometry
[  INFO   ]  Added material with id = 10178 to geometry
[  INFO   ]  Added material with id = 10186 to geometry
[  INFO   ]  Added material with id = 10185 to geometry
[  INFO   ]  Added material with id = 10243 to geometry
[  INFO   ]  Added material with id = 10165 to geometry
[  INFO   ]  Added material with id = 10166 to geometry
[  INFO   ]  Added material with id = 10163 to geometry
[  INFO   ]  Added material with id = 10164 to geometry
[  INFO   ]  Added material with id = 10161 to geometry
[  INFO   ]  Added material with id = 10162 to geometry
[  INFO   ]  Added material with id = 10159 to geometry
[  INFO   ]  Added material with id = 10160 to geometry
[  INFO   ]  Added material with id = 10157 to geometry
[  INFO   ]  Added material with id = 10158 to geometry
[  INFO   ]  Added material with id = 10043 to geometry
[  INFO   ]  Added material with id = 10044 to geometry
[  INFO   ]  Added material with id = 10039 to geometry
[  INFO   ]  Added material with id = 10040 to geometry
[  INFO   ]  Added material with id = 10041 to geometry
[  INFO   ]  Added material with id = 10042 to geometry
[  INFO   ]  Added material with id = 10035 to geometry
[  INFO   ]  Added material with id = 10036 to geometry
[  INFO   ]  Added material with id = 10037 to geometry
[  INFO   ]  Added material with id = 10038 to geometry
[  INFO   ]  Added material with id = 10250 to geometry
[  INFO   ]  Added material with id = 10089 to geometry
[  INFO   ]  Added material with id = 10100 to geometry
[  INFO   ]  Added material with id = 10045 to geometry
[  INFO   ]  Added material with id = 10056 to geometry
[  INFO   ]  Added material with id = 10067 to geometry
[  INFO   ]  Added material with id = 10078 to geometry
[  INFO   ]  Added material with id = 10001 to geometry
[  INFO   ]  Added material with id = 10012 to geometry
[  INFO   ]  Added material with id = 10023 to geometry
[  INFO   ]  Added material with id = 10034 to geometry
[  INFO   ]  Added material with id = 10252 to geometry
[  INFO   ]  Added material with id = 10091 to geometry
[  INFO   ]  Added material with id = 10090 to geometry
[  INFO   ]  Added material with id = 10093 to geometry
[  INFO   ]  Added material with id = 10092 to geometry
[  INFO   ]  Added material with id = 10095 to geometry
[  INFO   ]  Added material with id = 10094 to geometry
[  INFO   ]  Added material with id = 10097 to geometry
[  INFO   ]  Added material with id = 10096 to geometry
[  INFO   ]  Added material with id = 10099 to geometry
[  INFO   ]  Added material with id = 10098 to geometry
[  INFO   ]  Added material with id = 10147 to geometry
[  INFO   ]  Added material with id = 10146 to geometry
[  INFO   ]  Added material with id = 10153 to geometry
[  INFO   ]  Added material with id = 10152 to geometry
[  INFO   ]  Added material with id = 10151 to geometry
[  INFO   ]  Added material with id = 10150 to geometry
[  INFO   ]  Added material with id = 10011 to geometry
[  INFO   ]  Added material with id = 10010 to geometry
[  INFO   ]  Added material with id = 10189 to geometry
[  INFO   ]  Added material with id = 10003 to geometry
[  INFO   ]  Added material with id = 10002 to geometry
[  INFO   ]  Added material with id = 10005 to geometry
[  INFO   ]  Added material with id = 10004 to geometry
[  INFO   ]  Added material with id = 10007 to geometry
[  INFO   ]  Added material with id = 10006 to geometry
[  INFO   ]  Added material with id = 10009 to geometry
[  INFO   ]  Added material with id = 10008 to geometry
[  INFO   ]  Added surface with id = 10004 to geometry
[  INFO   ]  Added cell with id = 10009 to geometry
[  INFO   ]  Added universe with id = 1 to geometry
[  INFO   ]  Created universe = 1
[  INFO   ]  Added cell with id = 10009 to universe with id = 1
[  INFO   ]  Added surface with id = 10005 to geometry
[  INFO   ]  Added cell with id = 10010 to geometry
[  INFO   ]  Added cell with id = 10010 to universe with id = 1
[  INFO   ]  Added surface with id = 10006 to geometry
[  INFO   ]  Added cell with id = 10011 to geometry
[  INFO   ]  Added cell with id = 10011 to universe with id = 1
[  INFO   ]  Added cell with id = 10012 to geometry
[  INFO   ]  Added cell with id = 10012 to universe with id = 1
[  INFO   ]  Added surface with id = 10007 to geometry
[  INFO   ]  Added cell with id = 10013 to geometry
[  INFO   ]  Added universe with id = 2 to geometry
[  INFO   ]  Created universe = 2
[  INFO   ]  Added cell with id = 10013 to universe with id = 2
[  INFO   ]  Added surface with id = 10008 to geometry
[  INFO   ]  Added cell with id = 10014 to geometry
[  INFO   ]  Added cell with id = 10014 to universe with id = 2
[  INFO   ]  Added cell with id = 10015 to geometry
[  INFO   ]  Added cell with id = 10015 to universe with id = 2
[  INFO   ]  Added cell with id = 10016 to geometry
[  INFO   ]  Added universe with id = 0 to geometry
[  INFO   ]  Created universe = 0
[  INFO   ]  Added cell with id = 10016 to universe with id = 0
[  INFO   ]  Set the universe pointer for lattice id = 3 for universe id = 1
[  INFO   ]  Set the universe pointer for lattice id = 3 for universe id = 1
[  INFO   ]  Set the universe pointer for lattice id = 3 for universe id = 1
[  INFO   ]  Set the universe pointer for lattice id = 3 for universe id = 1
[  INFO   ]  Set the universe pointer for lattice id = 3 for universe id = 1
[  INFO   ]  Set the universe pointer for lattice id = 3 for universe id = 1
[  INFO   ]  Set the universe pointer for lattice id = 3 for universe id = 1
[  INFO   ]  Set the universe pointer for lattice id = 3 for universe id = 1
[  INFO   ]  Set the universe pointer for lattice id = 3 for universe id = 1
[  INFO   ]  Set the universe pointer for lattice id = 3 for universe id = 1
[  INFO   ]  Set the universe pointer for lattice id = 3 for universe id = 1
[  INFO   ]  Set the universe pointer for lattice id = 3 for universe id = 1
[  INFO   ]  Set the universe pointer for lattice id = 3 for universe id = 1
[  INFO   ]  Set the universe pointer for lattice id = 3 for universe id = 1
[  INFO   ]  Set the universe pointer for lattice id = 3 for universe id = 1
[  INFO   ]  Set the universe pointer for lattice id = 3 for universe id = 1
[  INFO   ]  Set the universe pointer for lattice id = 3 for universe id = 1
[  INFO   ]  Set the universe pointer for lattice id = 3 for universe id = 1
[  INFO   ]  Set the universe pointer for lattice id = 3 for universe id = 1
[  INFO   ]  Set the universe pointer for lattice id = 3 for universe id = 1
[  INFO   ]  Set the universe pointer for lattice id = 3 for universe id = 1
[  INFO   ]  Set the universe pointer for lattice id = 3 for universe id = 1
[  INFO   ]  Set the universe pointer for lattice id = 3 for universe id = 1
[  INFO   ]  Set the universe pointer for lattice id = 3 for universe id = 1
[  INFO   ]  Set the universe pointer for lattice id = 3 for universe id = 1
[  INFO   ]  Set the universe pointer for lattice id = 3 for universe id = 1
[  INFO   ]  Set the universe pointer for lattice id = 3 for universe id = 1
[  INFO   ]  Set the universe pointer for lattice id = 3 for universe id = 1
[  INFO   ]  Set the universe pointer for lattice id = 3 for universe id = 1
[  INFO   ]  Set the universe pointer for lattice id = 3 for universe id = 1
[  INFO   ]  Set the universe pointer for lattice id = 3 for universe id = 1
[  INFO   ]  Set the universe pointer for lattice id = 3 for universe id = 1
[  INFO   ]  Set the universe pointer for lattice id = 3 for universe id = 1
[  INFO   ]  Set the universe pointer for lattice id = 3 for universe id = 1
[  INFO   ]  Set the universe pointer for lattice id = 3 for universe id = 1
[  INFO   ]  Set the universe pointer for lattice id = 3 for universe id = 1
[  INFO   ]  Set the universe pointer for lattice id = 3 for universe id = 1
[  INFO   ]  Set the universe pointer for lattice id = 3 for universe id = 1
[  INFO   ]  Set the universe pointer for lattice id = 3 for universe id = 1
[  INFO   ]  Set the universe pointer for lattice id = 3 for universe id = 2
[  INFO   ]  Set the universe pointer for lattice id = 3 for universe id = 1
[  INFO   ]  Set the universe pointer for lattice id = 3 for universe id = 1
[  INFO   ]  Set the universe pointer for lattice id = 3 for universe id = 2
[  INFO   ]  Set the universe pointer for lattice id = 3 for universe id = 1
[  INFO   ]  Set the universe pointer for lattice id = 3 for universe id = 1
[  INFO   ]  Set the universe pointer for lattice id = 3 for universe id = 2
[  INFO   ]  Set the universe pointer for lattice id = 3 for universe id = 1
[  INFO   ]  Set the universe pointer for lattice id = 3 for universe id = 1
[  INFO   ]  Set the universe pointer for lattice id = 3 for universe id = 1
[  INFO   ]  Set the universe pointer for lattice id = 3 for universe id = 1
[  INFO   ]  Set the universe pointer for lattice id = 3 for universe id = 1
[  INFO   ]  Set the universe pointer for lattice id = 3 for universe id = 1
[  INFO   ]  Set the universe pointer for lattice id = 3 for universe id = 1
[  INFO   ]  Set the universe pointer for lattice id = 3 for universe id = 1
[  INFO   ]  Set the universe pointer for lattice id = 3 for universe id = 2
[  INFO   ]  Set the universe pointer for lattice id = 3 for universe id = 1
[  INFO   ]  Set the universe pointer for lattice id = 3 for universe id = 1
[  INFO   ]  Set the universe pointer for lattice id = 3 for universe id = 1
[  INFO   ]  Set the universe pointer for lattice id = 3 for universe id = 1
[  INFO   ]  Set the universe pointer for lattice id = 3 for universe id = 1
[  INFO   ]  Set the universe pointer for lattice id = 3 for universe id = 1
[  INFO   ]  Set the universe pointer for lattice id = 3 for universe id = 1
[  INFO   ]  Set the universe pointer for lattice id = 3 for universe id = 1
[  INFO   ]  Set the universe pointer for lattice id = 3 for universe id = 1
[  INFO   ]  Set the universe pointer for lattice id = 3 for universe id = 2
[  INFO   ]  Set the universe pointer for lattice id = 3 for universe id = 1
[  INFO   ]  Set the universe pointer for lattice id = 3 for universe id = 1
[  INFO   ]  Set the universe pointer for lattice id = 3 for universe id = 1
[  INFO   ]  Set the universe pointer for lattice id = 3 for universe id = 1
[  INFO   ]  Set the universe pointer for lattice id = 3 for universe id = 1
[  INFO   ]  Set the universe pointer for lattice id = 3 for universe id = 1
[  INFO   ]  Set the universe pointer for lattice id = 3 for universe id = 1
[  INFO   ]  Set the universe pointer for lattice id = 3 for universe id = 1
[  INFO   ]  Set the universe pointer for lattice id = 3 for universe id = 1
[  INFO   ]  Set the universe pointer for lattice id = 3 for universe id = 1
[  INFO   ]  Set the universe pointer for lattice id = 3 for universe id = 1
[  INFO   ]  Set the universe pointer for lattice id = 3 for universe id = 1
[  INFO   ]  Set the universe pointer for lattice id = 3 for universe id = 1
[  INFO   ]  Set the universe pointer for lattice id = 3 for universe id = 1
[  INFO   ]  Set the universe pointer for lattice id = 3 for universe id = 1
[  INFO   ]  Set the universe pointer for lattice id = 3 for universe id = 1
[  INFO   ]  Set the universe pointer for lattice id = 3 for universe id = 1
[  INFO   ]  Set the universe pointer for lattice id = 3 for universe id = 1
[  INFO   ]  Set the universe pointer for lattice id = 3 for universe id = 1
[  INFO   ]  Set the universe pointer for lattice id = 3 for universe id = 1
[  INFO   ]  Set the universe pointer for lattice id = 3 for universe id = 1
[  INFO   ]  Set the universe pointer for lattice id = 3 for universe id = 1
[  INFO   ]  Set the universe pointer for lattice id = 3 for universe id = 2
[  INFO   ]  Set the universe pointer for lattice id = 3 for universe id = 1
[  INFO   ]  Set the universe pointer for lattice id = 3 for universe id = 1
[  INFO   ]  Set the universe pointer for lattice id = 3 for universe id = 2
[  INFO   ]  Set the universe pointer for lattice id = 3 for universe id = 1
[  INFO   ]  Set the universe pointer for lattice id = 3 for universe id = 1
[  INFO   ]  Set the universe pointer for lattice id = 3 for universe id = 2
[  INFO   ]  Set the universe pointer for lattice id = 3 for universe id = 1
[  INFO   ]  Set the universe pointer for lattice id = 3 for universe id = 1
[  INFO   ]  Set the universe pointer for lattice id = 3 for universe id = 2
[  INFO   ]  Set the universe pointer for lattice id = 3 for universe id = 1
[  INFO   ]  Set the universe pointer for lattice id = 3 for universe id = 1
[  INFO   ]  Set the universe pointer for lattice id = 3 for universe id = 2
[  INFO   ]  Set the universe pointer for lattice id = 3 for universe id = 1
[  INFO   ]  Set the universe pointer for lattice id = 3 for universe id = 1
[  INFO   ]  Set the universe pointer for lattice id = 3 for universe id = 1
[  INFO   ]  Set the universe pointer for lattice id = 3 for universe id = 1
[  INFO   ]  Set the universe pointer for lattice id = 3 for universe id = 1
[  INFO   ]  Set the universe pointer for lattice id = 3 for universe id = 1
[  INFO   ]  Set the universe pointer for lattice id = 3 for universe id = 1
[  INFO   ]  Set the universe pointer for lattice id = 3 for universe id = 1
[  INFO   ]  Set the universe pointer for lattice id = 3 for universe id = 1
[  INFO   ]  Set the universe pointer for lattice id = 3 for universe id = 1
[  INFO   ]  Set the universe pointer for lattice id = 3 for universe id = 1
[  INFO   ]  Set the universe pointer for lattice id = 3 for universe id = 1
[  INFO   ]  Set the universe pointer for lattice id = 3 for universe id = 1
[  INFO   ]  Set the universe pointer for lattice id = 3 for universe id = 1
[  INFO   ]  Set the universe pointer for lattice id = 3 for universe id = 1
[  INFO   ]  Set the universe pointer for lattice id = 3 for universe id = 1
[  INFO   ]  Set the universe pointer for lattice id = 3 for universe id = 1
[  INFO   ]  Set the universe pointer for lattice id = 3 for universe id = 1
[  INFO   ]  Set the universe pointer for lattice id = 3 for universe id = 1
[  INFO   ]  Set the universe pointer for lattice id = 3 for universe id = 1
[  INFO   ]  Set the universe pointer for lattice id = 3 for universe id = 1
[  INFO   ]  Set the universe pointer for lattice id = 3 for universe id = 1
[  INFO   ]  Set the universe pointer for lattice id = 3 for universe id = 1
[  INFO   ]  Set the universe pointer for lattice id = 3 for universe id = 1
[  INFO   ]  Set the universe pointer for lattice id = 3 for universe id = 1
[  INFO   ]  Set the universe pointer for lattice id = 3 for universe id = 1
[  INFO   ]  Set the universe pointer for lattice id = 3 for universe id = 1
[  INFO   ]  Set the universe pointer for lattice id = 3 for universe id = 1
[  INFO   ]  Set the universe pointer for lattice id = 3 for universe id = 1
[  INFO   ]  Set the universe pointer for lattice id = 3 for universe id = 1
[  INFO   ]  Set the universe pointer for lattice id = 3 for universe id = 1
[  INFO   ]  Set the universe pointer for lattice id = 3 for universe id = 1
[  INFO   ]  Set the universe pointer for lattice id = 3 for universe id = 1
[  INFO   ]  Set the universe pointer for lattice id = 3 for universe id = 1
[  INFO   ]  Set the universe pointer for lattice id = 3 for universe id = 1
[  INFO   ]  Set the universe pointer for lattice id = 3 for universe id = 1
[  INFO   ]  Set the universe pointer for lattice id = 3 for universe id = 1
[  INFO   ]  Set the universe pointer for lattice id = 3 for universe id = 1
[  INFO   ]  Set the universe pointer for lattice id = 3 for universe id = 2
[  INFO   ]  Set the universe pointer for lattice id = 3 for universe id = 1
[  INFO   ]  Set the universe pointer for lattice id = 3 for universe id = 1
[  INFO   ]  Set the universe pointer for lattice id = 3 for universe id = 2
[  INFO   ]  Set the universe pointer for lattice id = 3 for universe id = 1
[  INFO   ]  Set the universe pointer for lattice id = 3 for universe id = 1
[  INFO   ]  Set the universe pointer for lattice id = 3 for universe id = 2
[  INFO   ]  Set the universe pointer for lattice id = 3 for universe id = 1
[  INFO   ]  Set the universe pointer for lattice id = 3 for universe id = 1
[  INFO   ]  Set the universe pointer for lattice id = 3 for universe id = 2
[  INFO   ]  Set the universe pointer for lattice id = 3 for universe id = 1
[  INFO   ]  Set the universe pointer for lattice id = 3 for universe id = 1
[  INFO   ]  Set the universe pointer for lattice id = 3 for universe id = 2
[  INFO   ]  Set the universe pointer for lattice id = 3 for universe id = 1
[  INFO   ]  Set the universe pointer for lattice id = 3 for universe id = 1
[  INFO   ]  Set the universe pointer for lattice id = 3 for universe id = 1
[  INFO   ]  Set the universe pointer for lattice id = 3 for universe id = 1
[  INFO   ]  Set the universe pointer for lattice id = 3 for universe id = 1
[  INFO   ]  Set the universe pointer for lattice id = 3 for universe id = 1
[  INFO   ]  Set the universe pointer for lattice id = 3 for universe id = 1
[  INFO   ]  Set the universe pointer for lattice id = 3 for universe id = 1
[  INFO   ]  Set the universe pointer for lattice id = 3 for universe id = 1
[  INFO   ]  Set the universe pointer for lattice id = 3 for universe id = 1
[  INFO   ]  Set the universe pointer for lattice id = 3 for universe id = 1
[  INFO   ]  Set the universe pointer for lattice id = 3 for universe id = 1
[  INFO   ]  Set the universe pointer for lattice id = 3 for universe id = 1
[  INFO   ]  Set the universe pointer for lattice id = 3 for universe id = 1
[  INFO   ]  Set the universe pointer for lattice id = 3 for universe id = 1
[  INFO   ]  Set the universe pointer for lattice id = 3 for universe id = 1
[  INFO   ]  Set the universe pointer for lattice id = 3 for universe id = 1
[  INFO   ]  Set the universe pointer for lattice id = 3 for universe id = 1
[  INFO   ]  Set the universe pointer for lattice id = 3 for universe id = 1
[  INFO   ]  Set the universe pointer for lattice id = 3 for universe id = 1
[  INFO   ]  Set the universe pointer for lattice id = 3 for universe id = 1
[  INFO   ]  Set the universe pointer for lattice id = 3 for universe id = 1
[  INFO   ]  Set the universe pointer for lattice id = 3 for universe id = 1
[  INFO   ]  Set the universe pointer for lattice id = 3 for universe id = 1
[  INFO   ]  Set the universe pointer for lattice id = 3 for universe id = 1
[  INFO   ]  Set the universe pointer for lattice id = 3 for universe id = 1
[  INFO   ]  Set the universe pointer for lattice id = 3 for universe id = 1
[  INFO   ]  Set the universe pointer for lattice id = 3 for universe id = 1
[  INFO   ]  Set the universe pointer for lattice id = 3 for universe id = 1
[  INFO   ]  Set the universe pointer for lattice id = 3 for universe id = 1
[  INFO   ]  Set the universe pointer for lattice id = 3 for universe id = 1
[  INFO   ]  Set the universe pointer for lattice id = 3 for universe id = 1
[  INFO   ]  Set the universe pointer for lattice id = 3 for universe id = 1
[  INFO   ]  Set the universe pointer for lattice id = 3 for universe id = 1
[  INFO   ]  Set the universe pointer for lattice id = 3 for universe id = 1
[  INFO   ]  Set the universe pointer for lattice id = 3 for universe id = 1
[  INFO   ]  Set the universe pointer for lattice id = 3 for universe id = 1
[  INFO   ]  Set the universe pointer for lattice id = 3 for universe id = 1
[  INFO   ]  Set the universe pointer for lattice id = 3 for universe id = 2
[  INFO   ]  Set the universe pointer for lattice id = 3 for universe id = 1
[  INFO   ]  Set the universe pointer for lattice id = 3 for universe id = 1
[  INFO   ]  Set the universe pointer for lattice id = 3 for universe id = 2
[  INFO   ]  Set the universe pointer for lattice id = 3 for universe id = 1
[  INFO   ]  Set the universe pointer for lattice id = 3 for universe id = 1
[  INFO   ]  Set the universe pointer for lattice id = 3 for universe id = 2
[  INFO   ]  Set the universe pointer for lattice id = 3 for universe id = 1
[  INFO   ]  Set the universe pointer for lattice id = 3 for universe id = 1
[  INFO   ]  Set the universe pointer for lattice id = 3 for universe id = 2
[  INFO   ]  Set the universe pointer for lattice id = 3 for universe id = 1
[  INFO   ]  Set the universe pointer for lattice id = 3 for universe id = 1
[  INFO   ]  Set the universe pointer for lattice id = 3 for universe id = 2
[  INFO   ]  Set the universe pointer for lattice id = 3 for universe id = 1
[  INFO   ]  Set the universe pointer for lattice id = 3 for universe id = 1
[  INFO   ]  Set the universe pointer for lattice id = 3 for universe id = 1
[  INFO   ]  Set the universe pointer for lattice id = 3 for universe id = 1
[  INFO   ]  Set the universe pointer for lattice id = 3 for universe id = 1
[  INFO   ]  Set the universe pointer for lattice id = 3 for universe id = 1
[  INFO   ]  Set the universe pointer for lattice id = 3 for universe id = 1
[  INFO   ]  Set the universe pointer for lattice id = 3 for universe id = 1
[  INFO   ]  Set the universe pointer for lattice id = 3 for universe id = 1
[  INFO   ]  Set the universe pointer for lattice id = 3 for universe id = 1
[  INFO   ]  Set the universe pointer for lattice id = 3 for universe id = 1
[  INFO   ]  Set the universe pointer for lattice id = 3 for universe id = 1
[  INFO   ]  Set the universe pointer for lattice id = 3 for universe id = 1
[  INFO   ]  Set the universe pointer for lattice id = 3 for universe id = 1
[  INFO   ]  Set the universe pointer for lattice id = 3 for universe id = 1
[  INFO   ]  Set the universe pointer for lattice id = 3 for universe id = 1
[  INFO   ]  Set the universe pointer for lattice id = 3 for universe id = 1
[  INFO   ]  Set the universe pointer for lattice id = 3 for universe id = 1
[  INFO   ]  Set the universe pointer for lattice id = 3 for universe id = 1
[  INFO   ]  Set the universe pointer for lattice id = 3 for universe id = 1
[  INFO   ]  Set the universe pointer for lattice id = 3 for universe id = 1
[  INFO   ]  Set the universe pointer for lattice id = 3 for universe id = 1
[  INFO   ]  Set the universe pointer for lattice id = 3 for universe id = 2
[  INFO   ]  Set the universe pointer for lattice id = 3 for universe id = 1
[  INFO   ]  Set the universe pointer for lattice id = 3 for universe id = 1
[  INFO   ]  Set the universe pointer for lattice id = 3 for universe id = 1
[  INFO   ]  Set the universe pointer for lattice id = 3 for universe id = 1
[  INFO   ]  Set the universe pointer for lattice id = 3 for universe id = 1
[  INFO   ]  Set the universe pointer for lattice id = 3 for universe id = 1
[  INFO   ]  Set the universe pointer for lattice id = 3 for universe id = 1
[  INFO   ]  Set the universe pointer for lattice id = 3 for universe id = 1
[  INFO   ]  Set the universe pointer for lattice id = 3 for universe id = 1
[  INFO   ]  Set the universe pointer for lattice id = 3 for universe id = 2
[  INFO   ]  Set the universe pointer for lattice id = 3 for universe id = 1
[  INFO   ]  Set the universe pointer for lattice id = 3 for universe id = 1
[  INFO   ]  Set the universe pointer for lattice id = 3 for universe id = 1
[  INFO   ]  Set the universe pointer for lattice id = 3 for universe id = 1
[  INFO   ]  Set the universe pointer for lattice id = 3 for universe id = 1
[  INFO   ]  Set the universe pointer for lattice id = 3 for universe id = 1
[  INFO   ]  Set the universe pointer for lattice id = 3 for universe id = 1
[  INFO   ]  Set the universe pointer for lattice id = 3 for universe id = 1
[  INFO   ]  Set the universe pointer for lattice id = 3 for universe id = 2
[  INFO   ]  Set the universe pointer for lattice id = 3 for universe id = 1
[  INFO   ]  Set the universe pointer for lattice id = 3 for universe id = 1
[  INFO   ]  Set the universe pointer for lattice id = 3 for universe id = 2
[  INFO   ]  Set the universe pointer for lattice id = 3 for universe id = 1
[  INFO   ]  Set the universe pointer for lattice id = 3 for universe id = 1
[  INFO   ]  Set the universe pointer for lattice id = 3 for universe id = 2
[  INFO   ]  Set the universe pointer for lattice id = 3 for universe id = 1
[  INFO   ]  Set the universe pointer for lattice id = 3 for universe id = 1
[  INFO   ]  Set the universe pointer for lattice id = 3 for universe id = 1
[  INFO   ]  Set the universe pointer for lattice id = 3 for universe id = 1
[  INFO   ]  Set the universe pointer for lattice id = 3 for universe id = 1
[  INFO   ]  Set the universe pointer for lattice id = 3 for universe id = 1
[  INFO   ]  Set the universe pointer for lattice id = 3 for universe id = 1
[  INFO   ]  Set the universe pointer for lattice id = 3 for universe id = 1
[  INFO   ]  Set the universe pointer for lattice id = 3 for universe id = 1
[  INFO   ]  Set the universe pointer for lattice id = 3 for universe id = 1
[  INFO   ]  Set the universe pointer for lattice id = 3 for universe id = 1
[  INFO   ]  Set the universe pointer for lattice id = 3 for universe id = 1
[  INFO   ]  Set the universe pointer for lattice id = 3 for universe id = 1
[  INFO   ]  Set the universe pointer for lattice id = 3 for universe id = 1
[  INFO   ]  Set the universe pointer for lattice id = 3 for universe id = 1
[  INFO   ]  Set the universe pointer for lattice id = 3 for universe id = 1
[  INFO   ]  Set the universe pointer for lattice id = 3 for universe id = 1
[  INFO   ]  Set the universe pointer for lattice id = 3 for universe id = 1
[  INFO   ]  Set the universe pointer for lattice id = 3 for universe id = 1
[  INFO   ]  Set the universe pointer for lattice id = 3 for universe id = 1
[  INFO   ]  Set the universe pointer for lattice id = 3 for universe id = 1
[  INFO   ]  Set the universe pointer for lattice id = 3 for universe id = 1
[  INFO   ]  Set the universe pointer for lattice id = 3 for universe id = 1
[  INFO   ]  Set the universe pointer for lattice id = 3 for universe id = 1
[  INFO   ]  Set the universe pointer for lattice id = 3 for universe id = 1
[  INFO   ]  Set the universe pointer for lattice id = 3 for universe id = 1
[  INFO   ]  Set the universe pointer for lattice id = 3 for universe id = 1
[  INFO   ]  Set the universe pointer for lattice id = 3 for universe id = 1
[  INFO   ]  Set the universe pointer for lattice id = 3 for universe id = 1
[  INFO   ]  Set the universe pointer for lattice id = 3 for universe id = 1
[  INFO   ]  Set the universe pointer for lattice id = 3 for universe id = 1
[  INFO   ]  Set the universe pointer for lattice id = 3 for universe id = 1
[  INFO   ]  Set the universe pointer for lattice id = 3 for universe id = 1
[  INFO   ]  Set the universe pointer for lattice id = 3 for universe id = 1
[  INFO   ]  Set the universe pointer for lattice id = 3 for universe id = 1
[  INFO   ]  Set the universe pointer for lattice id = 3 for universe id = 1
[  INFO   ]  Set the universe pointer for lattice id = 3 for universe id = 1
[  INFO   ]  Set the universe pointer for lattice id = 3 for universe id = 1
[  INFO   ]  Set the universe pointer for lattice id = 3 for universe id = 1
[  INFO   ]  Added lattice with id = 3 to geometry
[  INFO   ]  Added universe with id = 3 to geometry
